# JRE version: OpenJDK Runtime Environment Temurin-21.0.8+9 (21.0.8+9) (build 21.0.8+9-LTS)
# Java VM: OpenJDK 64-Bit Server VM Temurin-21.0.8+9 (21.0.8+9-LTS, mixed mode, sharing, tiered, compressed oops, compressed class ptrs, parallel gc, windows-amd64)
GC Precious Log:
 CardTable entry size: 512
 CPUs: 2 total, 2 available
 Memory: 3915M
 Large Page Support: Disabled
 NUMA Support: Disabled
 Compressed Oops: Enabled (32-bit)
 Alignments: Space 512K, Generation 512K, Heap 2M
 Heap Min Capacity: 100M
 Heap Initial Capacity: 100M
 Heap Max Capacity: 2G
 Pre-touch: Disabled
 Parallel Workers: 2
Heap:
 PSYoungGen      total 2048K, used 611K [0x00000000d5580000, 0x00000000d5800000, 0x0000000100000000)
  eden space 1536K, 21% used [0x00000000d5580000,0x00000000d55d0cc0,0x00000000d5700000)
  from space 512K, 56% used [0x00000000d5780000,0x00000000d57c8040,0x00000000d5800000)
  to   space 512K, 0% used [0x00000000d5700000,0x00000000d5700000,0x00000000d5780000)
 ParOldGen       total 674304K, used 673918K [0x0000000080000000, 0x00000000a9280000, 0x00000000d5580000)
  object space 674304K, 99% used [0x0000000080000000,0x00000000a921f918,0x00000000a9280000)
 Metaspace       used 71717K, committed 73344K, reserved 1179648K
  class space    used 7505K, committed 8192K, reserved 1048576K
GC Heap History (20 events):
Event: 4883.631 GC heap before
{Heap before GC invocations=608 (full 3):
 PSYoungGen      total 2560K, used 2208K [0x00000000d5580000, 0x00000000d5900000, 0x0000000100000000)
  eden space 2048K, 100% used [0x00000000d5580000,0x00000000d5780000,0x00000000d5780000)
  from space 512K, 31% used [0x00000000d5880000,0x00000000d58a8000,0x00000000d5900000)
  to   space 512K, 0% used [0x00000000d5800000,0x00000000d5800000,0x00000000d5880000)
 ParOldGen       total 669696K, used 669394K [0x0000000080000000, 0x00000000a8e00000, 0x00000000d5580000)
  object space 669696K, 99% used [0x0000000080000000,0x00000000a8db4a60,0x00000000a8e00000)
 Metaspace       used 71630K, committed 73344K, reserved 1179648K
  class space    used 7503K, committed 8192K, reserved 1048576K
}
Event: 4883.637 GC heap after
{Heap after GC invocations=608 (full 3):
 PSYoungGen      total 2560K, used 64K [0x00000000d5580000, 0x00000000d5900000, 0x0000000100000000)
  eden space 2048K, 0% used [0x00000000d5580000,0x00000000d5580000,0x00000000d5780000)
  from space 512K, 12% used [0x00000000d5800000,0x00000000d5810000,0x00000000d5880000)
  to   space 512K, 0% used [0x00000000d5880000,0x00000000d5880000,0x00000000d5900000)
 ParOldGen       total 669696K, used 669552K [0x0000000080000000, 0x00000000a8e00000, 0x00000000d5580000)
  object space 669696K, 99% used [0x0000000080000000,0x00000000a8ddc1e0,0x00000000a8e00000)
 Metaspace       used 71630K, committed 73344K, reserved 1179648K
  class space    used 7503K, committed 8192K, reserved 1048576K
}
Event: 4883.879 GC heap before
{Heap before GC invocations=609 (full 3):
 PSYoungGen      total 2560K, used 2088K [0x00000000d5580000, 0x00000000d5900000, 0x0000000100000000)
  eden space 2048K, 98% used [0x00000000d5580000,0x00000000d577a078,0x00000000d5780000)
  from space 512K, 12% used [0x00000000d5800000,0x00000000d5810000,0x00000000d5880000)
  to   space 512K, 0% used [0x00000000d5880000,0x00000000d5880000,0x00000000d5900000)
 ParOldGen       total 669696K, used 669552K [0x0000000080000000, 0x00000000a8e00000, 0x00000000d5580000)
  object space 669696K, 99% used [0x0000000080000000,0x00000000a8ddc1e0,0x00000000a8e00000)
 Metaspace       used 71630K, committed 73344K, reserved 1179648K
  class space    used 7503K, committed 8192K, reserved 1048576K
}
Event: 4883.885 GC heap after
{Heap after GC invocations=609 (full 3):
 PSYoungGen      total 1024K, used 505K [0x00000000d5580000, 0x00000000d5c80000, 0x0000000100000000)
  eden space 512K, 0% used [0x00000000d5580000,0x00000000d5580000,0x00000000d5600000)
  from space 512K, 98% used [0x00000000d5880000,0x00000000d58fe7e0,0x00000000d5900000)
  to   space 2560K, 0% used [0x00000000d5600000,0x00000000d5600000,0x00000000d5880000)
 ParOldGen       total 671232K, used 670814K [0x0000000080000000, 0x00000000a8f80000, 0x00000000d5580000)
  object space 671232K, 99% used [0x0000000080000000,0x00000000a8f179e8,0x00000000a8f80000)
 Metaspace       used 71630K, committed 73344K, reserved 1179648K
  class space    used 7503K, committed 8192K, reserved 1048576K
}
Event: 4883.897 GC heap before
{Heap before GC invocations=610 (full 3):
 PSYoungGen      total 1024K, used 932K [0x00000000d5580000, 0x00000000d5c80000, 0x0000000100000000)
  eden space 512K, 83% used [0x00000000d5580000,0x00000000d55eaa58,0x00000000d5600000)
  from space 512K, 98% used [0x00000000d5880000,0x00000000d58fe7e0,0x00000000d5900000)
  to   space 2560K, 0% used [0x00000000d5600000,0x00000000d5600000,0x00000000d5880000)
 ParOldGen       total 672256K, used 671907K [0x0000000080000000, 0x00000000a9080000, 0x00000000d5580000)
  object space 672256K, 99% used [0x0000000080000000,0x00000000a9028f50,0x00000000a9080000)
 Metaspace       used 71630K, committed 73344K, reserved 1179648K
  class space    used 7503K, committed 8192K, reserved 1048576K
}
Event: 4883.906 GC heap after
{Heap after GC invocations=610 (full 3):
 PSYoungGen      total 1024K, used 442K [0x00000000d5580000, 0x00000000d5900000, 0x0000000100000000)
  eden space 512K, 0% used [0x00000000d5580000,0x00000000d5580000,0x00000000d5600000)
  from space 512K, 86% used [0x00000000d5600000,0x00000000d566e9f0,0x00000000d5680000)
  to   space 1024K, 0% used [0x00000000d5800000,0x00000000d5800000,0x00000000d5900000)
 ParOldGen       total 672768K, used 672395K [0x0000000080000000, 0x00000000a9100000, 0x00000000d5580000)
  object space 672768K, 99% used [0x0000000080000000,0x00000000a90a2c78,0x00000000a9100000)
 Metaspace       used 71630K, committed 73344K, reserved 1179648K
  class space    used 7503K, committed 8192K, reserved 1048576K
}
Event: 4883.914 GC heap before
{Heap before GC invocations=611 (full 3):
 PSYoungGen      total 1024K, used 880K [0x00000000d5580000, 0x00000000d5900000, 0x0000000100000000)
  eden space 512K, 85% used [0x00000000d5580000,0x00000000d55ed880,0x00000000d5600000)
  from space 512K, 86% used [0x00000000d5600000,0x00000000d566e9f0,0x00000000d5680000)
  to   space 1024K, 0% used [0x00000000d5800000,0x00000000d5800000,0x00000000d5900000)
 ParOldGen       total 672768K, used 672395K [0x0000000080000000, 0x00000000a9100000, 0x00000000d5580000)
  object space 672768K, 99% used [0x0000000080000000,0x00000000a90a2c78,0x00000000a9100000)
 Metaspace       used 71630K, committed 73344K, reserved 1179648K
  class space    used 7503K, committed 8192K, reserved 1048576K
}
Event: 4883.919 GC heap after
{Heap after GC invocations=611 (full 3):
 PSYoungGen      total 1024K, used 464K [0x00000000d5580000, 0x00000000d5880000, 0x0000000100000000)
  eden space 512K, 0% used [0x00000000d5580000,0x00000000d5580000,0x00000000d5600000)
  from space 512K, 90% used [0x00000000d5800000,0x00000000d58741d8,0x00000000d5880000)
  to   space 1024K, 0% used [0x00000000d5680000,0x00000000d5680000,0x00000000d5780000)
 ParOldGen       total 673280K, used 672796K [0x0000000080000000, 0x00000000a9180000, 0x00000000d5580000)
  object space 673280K, 99% used [0x0000000080000000,0x00000000a9107308,0x00000000a9180000)
 Metaspace       used 71630K, committed 73344K, reserved 1179648K
  class space    used 7503K, committed 8192K, reserved 1048576K
}
Event: 4883.943 GC heap before
{Heap before GC invocations=612 (full 3):
 PSYoungGen      total 1024K, used 973K [0x00000000d5580000, 0x00000000d5880000, 0x0000000100000000)
  eden space 512K, 99% used [0x00000000d5580000,0x00000000d55ff4c0,0x00000000d5600000)
  from space 512K, 90% used [0x00000000d5800000,0x00000000d58741d8,0x00000000d5880000)
  to   space 1024K, 0% used [0x00000000d5680000,0x00000000d5680000,0x00000000d5780000)
 ParOldGen       total 673280K, used 672796K [0x0000000080000000, 0x00000000a9180000, 0x00000000d5580000)
  object space 673280K, 99% used [0x0000000080000000,0x00000000a9107308,0x00000000a9180000)
 Metaspace       used 71630K, committed 73344K, reserved 1179648K
  class space    used 7503K, committed 8192K, reserved 1048576K
}
Event: 4883.948 GC heap after
{Heap after GC invocations=612 (full 3):
 PSYoungGen      total 1536K, used 520K [0x00000000d5580000, 0x00000000d5880000, 0x0000000100000000)
  eden space 512K, 0% used [0x00000000d5580000,0x00000000d5580000,0x00000000d5600000)
  from space 1024K, 50% used [0x00000000d5680000,0x00000000d5702330,0x00000000d5780000)
  to   space 1024K, 0% used [0x00000000d5780000,0x00000000d5780000,0x00000000d5880000)
 ParOldGen       total 673280K, used 673223K [0x0000000080000000, 0x00000000a9180000, 0x00000000d5580000)
  object space 673280K, 99% used [0x0000000080000000,0x00000000a9171ee8,0x00000000a9180000)
 Metaspace       used 71630K, committed 73344K, reserved 1179648K
  class space    used 7503K, committed 8192K, reserved 1048576K
}
Event: 4884.115 GC heap before
{Heap before GC invocations=613 (full 3):
 PSYoungGen      total 1536K, used 1032K [0x00000000d5580000, 0x00000000d5880000, 0x0000000100000000)
  eden space 512K, 100% used [0x00000000d5580000,0x00000000d5600000,0x00000000d5600000)
  from space 1024K, 50% used [0x00000000d5680000,0x00000000d5702330,0x00000000d5780000)
  to   space 1024K, 0% used [0x00000000d5780000,0x00000000d5780000,0x00000000d5880000)
 ParOldGen       total 673280K, used 673223K [0x0000000080000000, 0x00000000a9180000, 0x00000000d5580000)
  object space 673280K, 99% used [0x0000000080000000,0x00000000a9171ee8,0x00000000a9180000)
 Metaspace       used 71630K, committed 73344K, reserved 1179648K
  class space    used 7503K, committed 8192K, reserved 1048576K
}
Event: 4884.121 GC heap after
{Heap after GC invocations=613 (full 3):
 PSYoungGen      total 2048K, used 461K [0x00000000d5580000, 0x00000000d5800000, 0x0000000100000000)
  eden space 1536K, 0% used [0x00000000d5580000,0x00000000d5580000,0x00000000d5700000)
  from space 512K, 90% used [0x00000000d5780000,0x00000000d57f37b8,0x00000000d5800000)
  to   space 512K, 0% used [0x00000000d5700000,0x00000000d5700000,0x00000000d5780000)
 ParOldGen       total 673792K, used 673694K [0x0000000080000000, 0x00000000a9200000, 0x00000000d5580000)
  object space 673792K, 99% used [0x0000000080000000,0x00000000a91e7918,0x00000000a9200000)
 Metaspace       used 71630K, committed 73344K, reserved 1179648K
  class space    used 7503K, committed 8192K, reserved 1048576K
}
Event: 4884.368 GC heap before
{Heap before GC invocations=614 (full 3):
 PSYoungGen      total 2048K, used 1997K [0x00000000d5580000, 0x00000000d5800000, 0x0000000100000000)
  eden space 1536K, 100% used [0x00000000d5580000,0x00000000d5700000,0x00000000d5700000)
  from space 512K, 90% used [0x00000000d5780000,0x00000000d57f37b8,0x00000000d5800000)
  to   space 512K, 0% used [0x00000000d5700000,0x00000000d5700000,0x00000000d5780000)
 ParOldGen       total 673792K, used 673694K [0x0000000080000000, 0x00000000a9200000, 0x00000000d5580000)
  object space 673792K, 99% used [0x0000000080000000,0x00000000a91e7918,0x00000000a9200000)
 Metaspace       used 71632K, committed 73344K, reserved 1179648K
  class space    used 7503K, committed 8192K, reserved 1048576K
}
Event: 4884.375 GC heap after
{Heap after GC invocations=614 (full 3):
 PSYoungGen      total 2048K, used 192K [0x00000000d5580000, 0x00000000d5800000, 0x0000000100000000)
  eden space 1536K, 0% used [0x00000000d5580000,0x00000000d5580000,0x00000000d5700000)
  from space 512K, 37% used [0x00000000d5700000,0x00000000d5730000,0x00000000d5780000)
  to   space 512K, 0% used [0x00000000d5780000,0x00000000d5780000,0x00000000d5800000)
 ParOldGen       total 673792K, used 673718K [0x0000000080000000, 0x00000000a9200000, 0x00000000d5580000)
  object space 673792K, 99% used [0x0000000080000000,0x00000000a91ed918,0x00000000a9200000)
 Metaspace       used 71632K, committed 73344K, reserved 1179648K
  class space    used 7503K, committed 8192K, reserved 1048576K
}
Event: 4884.801 GC heap before
{Heap before GC invocations=615 (full 3):
 PSYoungGen      total 2048K, used 1728K [0x00000000d5580000, 0x00000000d5800000, 0x0000000100000000)
  eden space 1536K, 100% used [0x00000000d5580000,0x00000000d5700000,0x00000000d5700000)
  from space 512K, 37% used [0x00000000d5700000,0x00000000d5730000,0x00000000d5780000)
  to   space 512K, 0% used [0x00000000d5780000,0x00000000d5780000,0x00000000d5800000)
 ParOldGen       total 673792K, used 673718K [0x0000000080000000, 0x00000000a9200000, 0x00000000d5580000)
  object space 673792K, 99% used [0x0000000080000000,0x00000000a91ed918,0x00000000a9200000)
 Metaspace       used 71638K, committed 73344K, reserved 1179648K
  class space    used 7503K, committed 8192K, reserved 1048576K
}
Event: 4884.810 GC heap after
{Heap after GC invocations=615 (full 3):
 PSYoungGen      total 2048K, used 96K [0x00000000d5580000, 0x00000000d5800000, 0x0000000100000000)
  eden space 1536K, 0% used [0x00000000d5580000,0x00000000d5580000,0x00000000d5700000)
  from space 512K, 18% used [0x00000000d5780000,0x00000000d5798000,0x00000000d5800000)
  to   space 512K, 0% used [0x00000000d5700000,0x00000000d5700000,0x00000000d5780000)
 ParOldGen       total 674304K, used 673870K [0x0000000080000000, 0x00000000a9280000, 0x00000000d5580000)
  object space 674304K, 99% used [0x0000000080000000,0x00000000a9213918,0x00000000a9280000)
 Metaspace       used 71638K, committed 73344K, reserved 1179648K
  class space    used 7503K, committed 8192K, reserved 1048576K
}
Event: 4885.859 GC heap before
{Heap before GC invocations=616 (full 3):
 PSYoungGen      total 2048K, used 1631K [0x00000000d5580000, 0x00000000d5800000, 0x0000000100000000)
  eden space 1536K, 99% used [0x00000000d5580000,0x00000000d56fffd0,0x00000000d5700000)
  from space 512K, 18% used [0x00000000d5780000,0x00000000d5798000,0x00000000d5800000)
  to   space 512K, 0% used [0x00000000d5700000,0x00000000d5700000,0x00000000d5780000)
 ParOldGen       total 674304K, used 673870K [0x0000000080000000, 0x00000000a9280000, 0x00000000d5580000)
  object space 674304K, 99% used [0x0000000080000000,0x00000000a9213918,0x00000000a9280000)
 Metaspace       used 71712K, committed 73344K, reserved 1179648K
  class space    used 7505K, committed 8192K, reserved 1048576K
}
Event: 4885.915 GC heap after
{Heap after GC invocations=616 (full 3):
 PSYoungGen      total 2048K, used 64K [0x00000000d5580000, 0x00000000d5800000, 0x0000000100000000)
  eden space 1536K, 0% used [0x00000000d5580000,0x00000000d5580000,0x00000000d5700000)
  from space 512K, 12% used [0x00000000d5700000,0x00000000d5710000,0x00000000d5780000)
  to   space 512K, 0% used [0x00000000d5780000,0x00000000d5780000,0x00000000d5800000)
 ParOldGen       total 674304K, used 673894K [0x0000000080000000, 0x00000000a9280000, 0x00000000d5580000)
  object space 674304K, 99% used [0x0000000080000000,0x00000000a9219918,0x00000000a9280000)
 Metaspace       used 71712K, committed 73344K, reserved 1179648K
  class space    used 7505K, committed 8192K, reserved 1048576K
}
Event: 4886.028 GC heap before
{Heap before GC invocations=617 (full 3):
 PSYoungGen      total 2048K, used 1600K [0x00000000d5580000, 0x00000000d5800000, 0x0000000100000000)
  eden space 1536K, 100% used [0x00000000d5580000,0x00000000d5700000,0x00000000d5700000)
  from space 512K, 12% used [0x00000000d5700000,0x00000000d5710000,0x00000000d5780000)
  to   space 512K, 0% used [0x00000000d5780000,0x00000000d5780000,0x00000000d5800000)
 ParOldGen       total 674304K, used 673894K [0x0000000080000000, 0x00000000a9280000, 0x00000000d5580000)
  object space 674304K, 99% used [0x0000000080000000,0x00000000a9219918,0x00000000a9280000)
 Metaspace       used 71716K, committed 73344K, reserved 1179648K
  class space    used 7505K, committed 8192K, reserved 1048576K
}
Event: 4886.033 GC heap after
{Heap after GC invocations=617 (full 3):
 PSYoungGen      total 2048K, used 288K [0x00000000d5580000, 0x00000000d5800000, 0x0000000100000000)
  eden space 1536K, 0% used [0x00000000d5580000,0x00000000d5580000,0x00000000d5700000)
  from space 512K, 56% used [0x00000000d5780000,0x00000000d57c8040,0x00000000d5800000)
  to   space 512K, 0% used [0x00000000d5700000,0x00000000d5700000,0x00000000d5780000)
 ParOldGen       total 674304K, used 673918K [0x0000000080000000, 0x00000000a9280000, 0x00000000d5580000)
  object space 674304K, 99% used [0x0000000080000000,0x00000000a921f918,0x00000000a9280000)
 Metaspace       used 71716K, committed 73344K, reserved 1179648K
  class space    used 7505K, committed 8192K, reserved 1048576K
}

